<?xml version="1.0" encoding="UTF-8"?>
<!-- Generated by org.testng.reporters.JUnitReportReporter -->
<testsuite hostname="DESKTOP-LAIRD7N" failures="0" tests="1" name="POMTests.POM_TestCase_1_RegisterUser" time="20.769" errors="0" timestamp="2023-05-10T13:59:05 GMT+02:00" skipped="0">
  <testcase classname="POMTests.POM_TestCase_1_RegisterUser" name="test" time="20.769"/>
  <system-out/>
</testsuite> <!-- POMTests.POM_TestCase_1_RegisterUser -->
