<?xml version="1.0" encoding="UTF-8"?>
<!-- Generated by org.testng.reporters.JUnitReportReporter -->
<testsuite hostname="DESKTOP-LAIRD7N" failures="0" tests="3" name="listeners.Main" time="0.010" errors="0" timestamp="2023-05-18T10:09:09 GMT+02:00" skipped="0">
  <testcase classname="listeners.Main" name="test2" time="0.001"/>
  <system-out/>
  <testcase classname="listeners.Main" name="test3" time="0.001"/>
  <system-out/>
  <testcase classname="listeners.Main" name="test1" time="0.008"/>
  <system-out/>
</testsuite> <!-- listeners.Main -->
